make.exe all --print-data-base --no-builtin-variables --no-builtin-rules --question

# Variables

# environment
C:
# environment
C
# environment
C:\Users\raphael.gaias
# environment
C:\Users\raphael.gaias\AppData\Local
# environment
extensionHost
# environment
C:\Users\raphael.gaias\AppData\Local\Programs\Microsoft VS Code
# environment
C:\WINDOWS
# environment
6
# environment
C:\Program Files\WindowsPowerShell\Modules;C:\WINDOWS\system32\WindowsPowerShell\v1.0\Modules
# default
make.exe
# environment
1
# environment
TACLA.CORP
# environment
true
# automatic
$(patsubst %/,%,$(patsubst %\,% 
,$(dir $@)))
# environment
\\.\pipe\crashpad_6968_DHQGFHPAUHLUXMAV
# environment
file
# environment
true
# default

# automatic
$(patsubst %/,%,$(patsubst %\,%,$(dir $%)))
# automatic
$(patsubst %/,%,$(patsubst %\,%,$(dir $^)))
# automatic
$(notdir $%)
# environment
C:\Users\raphael.gaias\AppData\Roaming\Code\CachedData\41dd792b5e652393e7787322889ed5fdc58bd75b
# environment
C
# default

# environment
C:\Users\RAPHAE~1.GAI\AppData\Local\Temp
# default

# makefile
pqrR
# makefile
prova1_20244362
# environment
C:\Users\raphael.gaias\OneDrive
# makefile
c:/Users/raphael.gaias/Documents/Alg3/Arvore B
# environment

# automatic
$(patsubst %/,%,$(patsubst %\,%,$(dir $*)))
# environment
C:\Program Files
# environment
-pqrR
# default
-c
# environment
C:\Program Files\Common Files
# environment
\\.\nul
# automatic
$(patsubst %/,%,$(patsubst %\,%,$(dir $+)))
# makefile
makefile
# automatic
$(notdir $@)
# environment
6968
# automatic
$(patsubst %/,%,$(patsubst %\,%,$(dir $?)))
# automatic
$(notdir $*)
# makefile
-std=c23 -Wall
# automatic
$(patsubst %/,%,$(patsubst %\,%,$(dir $<)))
# environment
{"userLocale":"en-us","osLocale":"pt-br","resolvedLanguage":"en","defaultMessagesFile":"C:\\Users\\raphael.gaias\\AppData\\Local\\Programs\\Microsoft VS Code\\41dd792b5e\\resources\\app\\out\\nls.messages.json","locale":"en-us","availableLanguages":{}}
# default
x86_64-w64-mingw32
# environment
C:\ProgramData
# default
sh.exe
# environment
\Users\raphael.gaias
# default
all
# environment
C:\Windows\System32\Drivers\DriverData
# environment
C:\WINDOWS\system32\cmd.exe
# environment
C:\WINDOWS
# environment
0
# default
$(MAKE_COMMAND)
# environment
C:\Users\raphael.gaias\AppData\Local\Programs\Microsoft VS Code;C:\WINDOWS\system32;C:\WINDOWS;C:\WINDOWS\System32\Wbem;C:\WINDOWS\System32\WindowsPowerShell\v1.0\;C:\WINDOWS\System32\OpenSSH\;C:\Program Files\dotnet\;C:\Program Files\Git\cmd;C:\Program Files\nodejs\;C:\msys64\ucrt64\bin\;C:\Users\raphael.gaias\AppData\Local\Programs\Python\Python313\;C:\Users\raphael.gaias\AppData\Local\Programs\Python\Python313\Scripts\;C:\Users\raphael.gaias\AppData\Local\Programs\Python\Launcher\;C:\Users\raphael.gaias\.local\bin;C:\Users\raphael.gaias\AppData\Local\Microsoft\WindowsApps;C:\Users\raphael.gaias\AppData\Local\Programs\Microsoft VS Code\bin;C:\Users\raphael.gaias\AppData\Roaming\npm;
# environment
PCT-TI-RAPHAEL
# default

# automatic
$(notdir $^)
# environment
$P$G
# environment
true
# environment
\\DC-TACLA-CORP
# environment
raphael.gaias
# environment
C:\Program Files\Common Files
# automatic
$(notdir $?)
# environment
C:\Program Files
# environment
.COM;.EXE;.BAT;.CMD;.VBS;.VBE;.JS;.JSE;.WSF;.WSH;.MSC
# automatic
$(notdir $+)
# environment
TACLA
# 'override' directive

# environment
Windows_NT
# makefile
all
# default
4.4.1
# environment
C:\Program Files (x86)
# environment
TACLA
# environment
8
# environment
C:\Users\Public
# environment
C:\Users\raphael.gaias\AppData\Roaming
# environment
C:
# environment
true
# environment
AMD64
# environment
1
# environment
C:\Program Files (x86)\Common Files
# environment
1
# environment
C:\Users\RAPHAE~1.GAI\AppData\Local\Temp
# environment
\\.\pipe\f98bcf7c-1.115.0-main-sock
# default

# automatic
$(notdir $<)
# default

# environment
C:\ProgramData
# environment
Console
# default
target-specific order-only second-expansion else-if shortest-stem undefine oneshell nocomment grouped-target extra-prereqs notintermediate shell-export archives jobserver output-sync load dospaths
# environment
8c01
# environment
vs/workbench/api/node/extensionHostProcess
#  
